2023-05-08 21:17:10.727  INFO 10256 --- [main] c.example.skirefka.SkiRefkaApplication   : Starting SkiRefkaApplication using Java 1.8.0_161 on DESKTOP-EFOLOBF with PID 10256 (C:\Users\user\OneDrive\Bureau\SKI-REFKA\target\classes started by user in C:\Users\user\OneDrive\Bureau\SKI-REFKA)
2023-05-08 21:17:10.737  INFO 10256 --- [main] c.example.skirefka.SkiRefkaApplication   : No active profile set, falling back to 1 default profile: "default"
2023-05-08 21:17:11.592  INFO 10256 --- [main] .s.d.r.c.RepositoryConfigurationDelegate : Bootstrapping Spring Data JPA repositories in DEFAULT mode.
2023-05-08 21:17:11.680  INFO 10256 --- [main] .s.d.r.c.RepositoryConfigurationDelegate : Finished Spring Data repository scanning in 71 ms. Found 6 JPA repository interfaces.
2023-05-08 21:17:12.414  INFO 10256 --- [main] o.s.b.w.embedded.tomcat.TomcatWebServer  : Tomcat initialized with port(s): 9090 (http)
2023-05-08 21:17:12.423  INFO 10256 --- [main] o.apache.catalina.core.StandardService   : Starting service [Tomcat]
2023-05-08 21:17:12.424  INFO 10256 --- [main] org.apache.catalina.core.StandardEngine  : Starting Servlet engine: [Apache Tomcat/9.0.71]
2023-05-08 21:17:12.558  INFO 10256 --- [main] o.a.c.c.C.[Tomcat].[localhost].[/]       : Initializing Spring embedded WebApplicationContext
2023-05-08 21:17:12.558  INFO 10256 --- [main] w.s.c.ServletWebServerApplicationContext : Root WebApplicationContext: initialization completed in 1755 ms
2023-05-08 21:17:12.760  INFO 10256 --- [main] o.hibernate.jpa.internal.util.LogHelper  : HHH000204: Processing PersistenceUnitInfo [name: default]
2023-05-08 21:17:12.815  INFO 10256 --- [main] org.hibernate.Version                    : HHH000412: Hibernate ORM core version 5.6.14.Final
2023-05-08 21:17:13.092  INFO 10256 --- [main] o.hibernate.annotations.common.Version   : HCANN000001: Hibernate Commons Annotations {5.1.2.Final}
2023-05-08 21:17:13.193  INFO 10256 --- [main] com.zaxxer.hikari.HikariDataSource       : HikariPool-1 - Starting...
2023-05-08 21:17:13.339  INFO 10256 --- [main] com.zaxxer.hikari.HikariDataSource       : HikariPool-1 - Start completed.
2023-05-08 21:17:13.351  INFO 10256 --- [main] org.hibernate.dialect.Dialect            : HHH000400: Using dialect: org.hibernate.dialect.MySQL5InnoDBDialect
2023-05-08 21:17:14.155  INFO 10256 --- [main] o.h.e.t.j.p.i.JtaPlatformInitiator       : HHH000490: Using JtaPlatform implementation: [org.hibernate.engine.transaction.jta.platform.internal.NoJtaPlatform]
2023-05-08 21:17:14.166  INFO 10256 --- [main] j.LocalContainerEntityManagerFactoryBean : Initialized JPA EntityManagerFactory for persistence unit 'default'
2023-05-08 21:17:14.737  WARN 10256 --- [main] org.hibernate.orm.deprecation            : HHH90000016: Found use of deprecated 'collection property' syntax in HQL/JPQL query [c.inscriptions.size]; use collection function syntax instead [size(c.inscriptions)].
2023-05-08 21:17:15.017  WARN 10256 --- [main] JpaBaseConfiguration$JpaWebConfiguration : spring.jpa.open-in-view is enabled by default. Therefore, database queries may be performed during view rendering. Explicitly configure spring.jpa.open-in-view to disable this warning
2023-05-08 21:17:15.422  INFO 10256 --- [main] o.s.b.w.embedded.tomcat.TomcatWebServer  : Tomcat started on port(s): 9090 (http) with context path ''
2023-05-08 21:17:15.432  INFO 10256 --- [main] c.example.skirefka.SkiRefkaApplication   : Started SkiRefkaApplication in 5.14 seconds (JVM running for 6.443)
2023-05-08 21:17:15.434  INFO 10256 --- [scheduling-1] c.e.skirefka.aspects.LoggingAspects      : in methodtest
2023-05-08 21:17:15.441  INFO 10256 --- [scheduling-1] c.e.skirefka.services.IPisteServiceImp   : ************
2023-05-08 21:17:15.442  INFO 10256 --- [scheduling-1] c.e.skirefka.aspects.LoggingAspects      : out methodtest
2023-05-08 21:18:15.433  INFO 10256 --- [scheduling-1] c.e.skirefka.aspects.LoggingAspects      : in methodtest
2023-05-08 21:18:15.433  INFO 10256 --- [scheduling-1] c.e.skirefka.services.IPisteServiceImp   : ************
2023-05-08 21:18:15.433  INFO 10256 --- [scheduling-1] c.e.skirefka.aspects.LoggingAspects      : out methodtest
2023-05-08 21:19:15.443  INFO 10256 --- [scheduling-1] c.e.skirefka.aspects.LoggingAspects      : in methodtest
2023-05-08 21:19:15.444  INFO 10256 --- [scheduling-1] c.e.skirefka.services.IPisteServiceImp   : ************
2023-05-08 21:19:15.444  INFO 10256 --- [scheduling-1] c.e.skirefka.aspects.LoggingAspects      : out methodtest
2023-05-08 21:20:15.434  INFO 10256 --- [scheduling-1] c.e.skirefka.aspects.LoggingAspects      : in methodtest
2023-05-08 21:20:15.434  INFO 10256 --- [scheduling-1] c.e.skirefka.services.IPisteServiceImp   : ************
2023-05-08 21:20:15.434  INFO 10256 --- [scheduling-1] c.e.skirefka.aspects.LoggingAspects      : out methodtest
2023-05-08 21:21:15.441  INFO 10256 --- [scheduling-1] c.e.skirefka.aspects.LoggingAspects      : in methodtest
2023-05-08 21:21:15.441  INFO 10256 --- [scheduling-1] c.e.skirefka.services.IPisteServiceImp   : ************
2023-05-08 21:21:15.442  INFO 10256 --- [scheduling-1] c.e.skirefka.aspects.LoggingAspects      : out methodtest
2023-05-08 21:22:15.432  INFO 10256 --- [scheduling-1] c.e.skirefka.aspects.LoggingAspects      : in methodtest
2023-05-08 21:22:15.433  INFO 10256 --- [scheduling-1] c.e.skirefka.services.IPisteServiceImp   : ************
2023-05-08 21:22:15.433  INFO 10256 --- [scheduling-1] c.e.skirefka.aspects.LoggingAspects      : out methodtest
2023-05-08 21:23:15.439  INFO 10256 --- [scheduling-1] c.e.skirefka.aspects.LoggingAspects      : in methodtest
2023-05-08 21:23:15.439  INFO 10256 --- [scheduling-1] c.e.skirefka.services.IPisteServiceImp   : ************
2023-05-08 21:23:15.439  INFO 10256 --- [scheduling-1] c.e.skirefka.aspects.LoggingAspects      : out methodtest
2023-05-08 21:24:15.445  INFO 10256 --- [scheduling-1] c.e.skirefka.aspects.LoggingAspects      : in methodtest
2023-05-08 21:24:15.449  INFO 10256 --- [scheduling-1] c.e.skirefka.services.IPisteServiceImp   : ************
2023-05-08 21:24:15.449  INFO 10256 --- [scheduling-1] c.e.skirefka.aspects.LoggingAspects      : out methodtest
